2025-04-03 10:05:16,967 - INFO - Starting Sentiment Analysis Pipeline...
2025-04-03 10:05:16,967 - INFO - Loading raw data...
2025-04-03 10:05:16,967 - INFO - Opening Excel Files...
2025-04-03 17:14:42,617 - INFO - Starting Sentiment Analysis Pipeline...
2025-04-03 17:14:42,618 - INFO - Loading raw data...
2025-04-03 17:14:42,618 - INFO - Opening Excel Files...
2025-04-03 17:43:52,176 - INFO - Starting Sentiment Analysis Pipeline...
2025-04-03 17:43:52,177 - INFO - Loading raw data...
2025-04-03 17:43:52,177 - INFO - Opening Excel Files...
2025-04-03 17:44:48,882 - INFO - Starting Sentiment Analysis Pipeline...
2025-04-03 17:44:48,883 - INFO - Loading raw data...
2025-04-03 17:44:48,883 - INFO - Opening Excel Files...
2025-04-03 17:45:30,643 - INFO - Starting Sentiment Analysis Pipeline...
2025-04-03 17:45:30,643 - INFO - Loading raw data...
2025-04-03 17:45:30,643 - INFO - Opening Excel Files...
2025-04-03 17:45:31,047 - INFO - Data successfully written to Dati_Non_preprocesati table.
2025-04-03 17:45:31,047 - INFO - Preprocessing data...
2025-04-03 17:45:31,647 - INFO - Training the model...
2025-04-03 17:45:31,648 - INFO - Loading data for training...
2025-04-03 17:45:31,808 - INFO - Model evaluation - MSE: 45.42614950037662, R2: 0.7292190112098473
2025-04-03 17:45:31,972 - INFO - Model training and saving completed.
2025-04-03 20:26:20,844 - INFO - Inizio elaborazione Valutazione Prezzo case...
2025-04-03 20:26:20,844 - INFO - Caricare i dati iniziali...
2025-04-03 20:26:20,844 - INFO - Apertuira file excel...
2025-04-03 20:26:21,334 - INFO - Data successfully written to Dati_Non_preprocesati table.
2025-04-03 20:26:21,334 - INFO - Eseguire il preprocessing...
2025-04-03 20:26:21,553 - INFO - Fare il training del modello...
2025-04-03 20:26:21,553 - INFO - Loading data for training...
2025-04-03 20:26:21,565 - INFO - Model evaluation - MSE: 45.322620431360754, R2: 0.7298361382167579
2025-04-03 20:26:21,818 - INFO - KNN model training and saving completed.
2025-04-03 20:38:45,013 - INFO - Inizio elaborazione Valutazione Prezzo case...
2025-04-03 20:38:45,013 - INFO - Caricare i dati iniziali...
2025-04-03 20:38:45,013 - INFO - Apertuira file excel...
2025-04-03 20:38:45,540 - INFO - Data successfully written to Dati_Non_preprocesati table.
2025-04-03 20:38:45,540 - INFO - Eseguire il preprocessing...
2025-04-03 20:38:45,829 - INFO - Fare il training del modello...
2025-04-03 20:38:45,829 - INFO - Loading data for training...
2025-04-03 20:38:45,838 - INFO - Model evaluation - MSE: 45.322620431360754, R2: 0.7298361382167579
2025-04-03 20:38:46,063 - INFO - KNN model training and saving completed.
2025-04-03 20:42:22,471 - INFO - Inizio elaborazione Valutazione Prezzo case...
2025-04-03 20:42:22,472 - INFO - Caricare i dati iniziali...
2025-04-03 20:42:22,472 - INFO - Apertuira file excel...
2025-04-03 20:42:23,022 - INFO - Data successfully written to Dati_Non_preprocesati table.
2025-04-03 20:42:23,022 - INFO - Eseguire il preprocessing...
2025-04-03 20:42:23,237 - INFO - Fare il training del modello...
2025-04-03 20:42:23,238 - INFO - Loading data for training...
2025-04-03 20:42:23,261 - INFO - Model evaluation - MSE: 45.322620431360754, R2: 0.7298361382167579
2025-04-03 20:42:23,471 - INFO - KNN model training and saving completed.
2025-04-03 20:53:33,313 - INFO - Inizio elaborazione Valutazione Prezzo case...
2025-04-03 20:53:33,313 - INFO - Caricare i dati iniziali...
2025-04-03 20:53:33,313 - INFO - Apertuira file excel...
2025-04-03 20:53:33,837 - INFO - Data successfully written to Dati_Non_preprocesati table.
2025-04-03 20:53:33,838 - INFO - Eseguire il preprocessing...
2025-04-03 20:53:34,054 - INFO - Fare il training del modello...
2025-04-03 20:53:34,055 - INFO - Loading data for training...
2025-04-03 20:53:34,079 - INFO - Model evaluation - MSE: 45.322620431360754, R2: 0.7298361382167579
2025-04-03 20:53:34,304 - INFO - KNN model training and saving completed.
